#
# There is insufficient memory for the Java Runtime Environment to continue.
# Native memory allocation (mmap) failed to map 260046848 bytes for G1 virtual space
# Possible reasons:
#   The system is out of physical RAM or swap space
#   The process is running with CompressedOops enabled, and the Java Heap may be blocking the growth of the native heap
# Possible solutions:
#   Reduce memory load on the system
#   Increase physical memory or swap space
#   Check if swap backing store is full
#   Decrease Java heap size (-Xmx/-Xms)
#   Decrease number of Java threads
#   Decrease Java thread stack sizes (-Xss)
#   Set larger code cache with -XX:ReservedCodeCacheSize=
#   JVM is running with Zero Based Compressed Oops mode in which the Java heap is
#     placed in the first 32GB address space. The Java Heap base address is the
#     maximum limit for the native heap growth. Please use -XX:HeapBaseMinAddress
#     to set the Java Heap base and to place the Java Heap above 32GB virtual address.
# This output file may be truncated or incomplete.
#
#  Out of Memory Error (os_windows.cpp:3760), pid=11544, tid=12676
#
# JRE version:  (17.0.5+1) (build )
# Java VM: OpenJDK 64-Bit Server VM (17.0.5+1-b653.14, mixed mode, sharing, tiered, compressed oops, compressed class ptrs, g1 gc, windows-amd64)
# No core dump will be written. Minidumps are not enabled by default on client versions of Windows
#

---------------  S U M M A R Y ------------

Command Line: git4idea.http.GitAskPassApp Username for 'https://github.com': 

Host: AMD Ryzen 3 4300U with Radeon Graphics         , 4 cores, 15G,  Windows 11 , 64 bit Build 22621 (10.0.22621.963)
Time: Mon Mar  6 19:46:58 2023 RTZ 2 (s 11 , 64 bit Build 22621 (10.0.22621.963) elapsed time: 1.888939 seconds (0d 0h 0m 1s)

---------------  T H R E A D  ---------------

Current thread (0x000001cf739fbf10):  JavaThread "Unknown thread" [_thread_in_vm, id=12676, stack(0x0000007570e00000,0x0000007570f00000)]

Stack: [0x0000007570e00000,0x0000007570f00000]
Native frames: (J=compiled Java code, j=interpreted, Vv=VM code, C=native code)
V  [jvm.dll+0x6830ca]
V  [jvm.dll+0x83f4c4]
V  [jvm.dll+0x840c6e]
V  [jvm.dll+0x8412d3]
V  [jvm.dll+0x2490b5]
V  [jvm.dll+0x67ff99]
V  [jvm.dll+0x6744aa]
V  [jvm.dll+0x308f2b]
V  [jvm.dll+0x3103e6]
V  [jvm.dll+0x36013e]
V  [jvm.dll+0x36036f]
V  [jvm.dll+0x2df018]
V  [jvm.dll+0x2dff84]
V  [jvm.dll+0x810d91]
V  [jvm.dll+0x36df31]
V  [jvm.dll+0x7f028c]
V  [jvm.dll+0x3f0cbf]
V  [jvm.dll+0x3f2801]
C  [jli.dll+0x526b]
C  [ucrtbase.dll+0x29363]
C  [KERNEL32.DLL+0x126bd]
C  [ntdll.dll+0x5dfb8]


---------------  P R O C E S S  ---------------

Threads class SMR info:
_java_thread_list=0x00007ffc0cf08f98, length=0, elements={
}

Java Threads: ( => current thread )

Other Threads:
  0x000001cf73a64960 GCTaskThread "GC Thread#0" [stack: 0x0000007570f00000,0x0000007571000000] [id=80]
  0x000001cf73a74e60 ConcurrentGCThread "G1 Main Marker" [stack: 0x0000007571000000,0x0000007571100000] [id=2028]
  0x000001cf73a75770 ConcurrentGCThread "G1 Conc#0" [stack: 0x0000007571100000,0x0000007571200000] [id=6008]

[error occurred during error reporting (printing all threads), id 0xc0000005, EXCEPTION_ACCESS_VIOLATION (0xc0000005) at pc=0x00007ffc0c6bfbd7]

VM state: not at safepoint (not fully initialized)

VM Mutex/Monitor currently owned by a thread:  ([mutex/lock_event])
[0x000001cf739fb630] Heap_lock - owner thread: 0x000001cf739fbf10

Heap address: 0x0000000709400000, size: 3948 MB, Compressed Oops mode: Zero based, Oop shift amount: 3

CDS archive(s) mapped at: [0x0000000000000000-0x0000000000000000-0x0000000000000000), size 0, SharedBaseAddress: 0x0000000800000000, ArchiveRelocationMode: 0.
Narrow klass base: 0x0000000000000000, Narrow klass shift: 0, Narrow klass range: 0x0

GC Precious Log:
<Empty>

Heap:
 garbage-first heap   total 0K, used 0K [0x0000000709400000, 0x0000000800000000)
  region size 2048K, 0 young (0K), 0 survivors (0K)

[error occurred during error reporting (printing heap information), id 0xc0000005, EXCEPTION_ACCESS_VIOLATION (0xc0000005) at pc=0x00007ffc0caacd59]

GC Heap History (0 events):
No events

Dll operation events (1 events):
Event: 0.008 Loaded shared library C:\Program Files\JetBrains\PhpStorm 2022.3\jbr\bin\java.dll

Deoptimization events (0 events):
No events

Classes unloaded (0 events):
No events

Classes redefined (0 events):
No events

Internal exceptions (0 events):
No events

VM Operations (0 events):
No events

Events (0 events):
No events


Dynamic libraries:
0x00007ff766230000 - 0x00007ff76623a000 	C:\Program Files\JetBrains\PhpStorm 2022.3\jbr\bin\java.exe
0x00007ffc3ee50000 - 0x00007ffc3f064000 	C:\Windows\SYSTEM32\ntdll.dll
0x00007ffc3dce0000 - 0x00007ffc3dda3000 	C:\Windows\System32\KERNEL32.DLL
0x00007ffc3c270000 - 0x00007ffc3c60d000 	C:\Windows\System32\KERNELBASE.dll
0x00007ffc3ca00000 - 0x00007ffc3cb11000 	C:\Windows\System32\ucrtbase.dll
0x00007ffc20870000 - 0x00007ffc2088b000 	C:\Program Files\JetBrains\PhpStorm 2022.3\jbr\bin\VCRUNTIME140.dll
0x00007ffc1f5c0000 - 0x00007ffc1f5d7000 	C:\Program Files\JetBrains\PhpStorm 2022.3\jbr\bin\jli.dll
0x00007ffc3ce60000 - 0x00007ffc3d00d000 	C:\Windows\System32\USER32.dll
0x00007ffc28ee0000 - 0x00007ffc2916e000 	C:\Windows\WinSxS\amd64_microsoft.windows.common-controls_6595b64144ccf1df_6.0.22621.608_none_a9444ca7c10bb01d\COMCTL32.dll
0x00007ffc3c820000 - 0x00007ffc3c846000 	C:\Windows\System32\win32u.dll
0x00007ffc3df30000 - 0x00007ffc3dfd7000 	C:\Windows\System32\msvcrt.dll
0x00007ffc3d710000 - 0x00007ffc3d739000 	C:\Windows\System32\GDI32.dll
0x00007ffc3cb20000 - 0x00007ffc3cc32000 	C:\Windows\System32\gdi32full.dll
0x00007ffc3c780000 - 0x00007ffc3c81a000 	C:\Windows\System32\msvcp_win.dll
0x00007ffc3edd0000 - 0x00007ffc3ee02000 	C:\Windows\System32\IMM32.DLL
0x00007ffc39680000 - 0x00007ffc3968c000 	C:\Program Files\JetBrains\PhpStorm 2022.3\jbr\bin\vcruntime140_1.dll
0x00007ffbce920000 - 0x00007ffbce9ad000 	C:\Program Files\JetBrains\PhpStorm 2022.3\jbr\bin\msvcp140.dll
0x00007ffc0c3d0000 - 0x00007ffc0d03b000 	C:\Program Files\JetBrains\PhpStorm 2022.3\jbr\bin\server\jvm.dll
0x00007ffc3eba0000 - 0x00007ffc3ec4e000 	C:\Windows\System32\ADVAPI32.dll
0x00007ffc3dfe0000 - 0x00007ffc3e084000 	C:\Windows\System32\sechost.dll
0x00007ffc3d430000 - 0x00007ffc3d545000 	C:\Windows\System32\RPCRT4.dll
0x00007ffc35c10000 - 0x00007ffc35c44000 	C:\Windows\SYSTEM32\WINMM.dll
0x00007ffc395e0000 - 0x00007ffc395e9000 	C:\Windows\SYSTEM32\WSOCK32.dll
0x00007ffc34670000 - 0x00007ffc3467a000 	C:\Windows\SYSTEM32\VERSION.dll
0x00007ffc3d020000 - 0x00007ffc3d091000 	C:\Windows\System32\WS2_32.dll
0x00007ffc3b2d0000 - 0x00007ffc3b2e8000 	C:\Windows\SYSTEM32\kernel.appcore.dll
0x00007ffc37380000 - 0x00007ffc3738a000 	C:\Program Files\JetBrains\PhpStorm 2022.3\jbr\bin\jimage.dll
0x00007ffc33010000 - 0x00007ffc3323e000 	C:\Windows\SYSTEM32\DBGHELP.DLL
0x00007ffc3d0a0000 - 0x00007ffc3d42a000 	C:\Windows\System32\combase.dll
0x00007ffc3cc60000 - 0x00007ffc3cd37000 	C:\Windows\System32\OLEAUT32.dll
0x00007ffc20120000 - 0x00007ffc20152000 	C:\Windows\SYSTEM32\dbgcore.DLL
0x00007ffc3c850000 - 0x00007ffc3c8cb000 	C:\Windows\System32\bcryptPrimitives.dll
0x00007ffc1fec0000 - 0x00007ffc1fee5000 	C:\Program Files\JetBrains\PhpStorm 2022.3\jbr\bin\java.dll

dbghelp: loaded successfully - version: 4.0.5 - missing functions: none
symbol engine: initialized successfully - sym options: 0x614 - pdb path: .;C:\Program Files\JetBrains\PhpStorm 2022.3\jbr\bin;C:\Windows\SYSTEM32;C:\Windows\WinSxS\amd64_microsoft.windows.common-controls_6595b64144ccf1df_6.0.22621.608_none_a9444ca7c10bb01d;C:\Program Files\JetBrains\PhpStorm 2022.3\jbr\bin\server

VM Arguments:
java_command: git4idea.http.GitAskPassApp Username for 'https://github.com': 
java_class_path (initial): C:/Program Files/JetBrains/PhpStorm 2022.3/plugins/vcs-git/lib/git4idea-rt.jar;C:/Program Files/JetBrains/PhpStorm 2022.3/lib/externalProcess-rt.jar;C:/Program Files/JetBrains/PhpStorm 2022.3/lib/app.jar;C:/Program Files/JetBrains/PhpStorm 2022.3/lib/3rd-party-rt.jar
Launcher Type: SUN_STANDARD

[Global flags]
     intx CICompilerCount                          = 3                                         {product} {ergonomic}
     uint ConcGCThreads                            = 1                                         {product} {ergonomic}
     uint G1ConcRefinementThreads                  = 4                                         {product} {ergonomic}
   size_t G1HeapRegionSize                         = 2097152                                   {product} {ergonomic}
    uintx GCDrainStackTargetSize                   = 64                                        {product} {ergonomic}
   size_t InitialHeapSize                          = 260046848                                 {product} {ergonomic}
   size_t MarkStackSize                            = 4194304                                   {product} {ergonomic}
   size_t MaxHeapSize                              = 4139778048                                {product} {ergonomic}
   size_t MinHeapDeltaBytes                        = 2097152                                   {product} {ergonomic}
   size_t MinHeapSize                              = 8388608                                   {product} {ergonomic}
    uintx NonNMethodCodeHeapSize                   = 5832780                                {pd product} {ergonomic}
    uintx NonProfiledCodeHeapSize                  = 122912730                              {pd product} {ergonomic}
    uintx ProfiledCodeHeapSize                     = 122912730                              {pd product} {ergonomic}
    uintx ReservedCodeCacheSize                    = 251658240                              {pd product} {ergonomic}
     bool SegmentedCodeCache                       = true                                      {product} {ergonomic}
   size_t SoftMaxHeapSize                          = 4139778048                             {manageable} {ergonomic}
     bool UseCompressedClassPointers               = true                           {product lp64_product} {ergonomic}
     bool UseCompressedOops                        = true                           {product lp64_product} {ergonomic}
     bool UseG1GC                                  = true                                      {product} {ergonomic}
     bool UseLargePagesIndividualAllocation        = false                                  {pd product} {ergonomic}

Logging:
Log output configuration:
 #0: stdout all=warning uptime,level,tags
 #1: stderr all=off uptime,level,tags

Environment Variables:
JAVA_HOME=C:\Program Files\Eclipse Adoptium\jdk-17.0.1.12-hotspot\
PATH=C:\Portable\Git\mingw64\libexec\git-core;C:\Portable\Git\mingw64\libexec\git-core;C:\Portable\Git\mingw64\bin;C:\Portable\Git\usr\bin;C:\Users\mc-ma\bin;C:\Program Files\Eclipse Adoptium\jdk-17.0.1.12-hotspot\bin;C:\ProgramData\Oracle\Java\javapath;C:\Windows\system32;C:\Windows;C:\Windows\System32\Wbem;C:\Windows\System32\WindowsPowerShell\v1.0;C:\Windows\System32\OpenSSH;C:\Program Files\dotnet;C:\php;C:\Users\mc-ma\AppData\Local\Microsoft\WindowsApps;C:\Users\mc-ma\.dotnet\tools;C:\Program Files\JetBrains\PhpStorm 2022.3\bin;C:\Program Files\JetBrains\IntelliJ IDEA 2022.3.1\bin;C:\Program Files\Eclipse Adoptium\jdk-17.0.1.12-hotspot\bin
USERNAME=mc-ma
DISPLAY=:0.0
LC_ALL=en_US.UTF-8
TERM=xterm-256color
TMPDIR=C:\Users\mc-ma\AppData\Local\Temp
OS=Windows_NT
PROCESSOR_IDENTIFIER=AMD64 Family 23 Model 96 Stepping 1, AuthenticAMD
TMP=C:\Users\mc-ma\AppData\Local\Temp
TEMP=C:\Users\mc-ma\AppData\Local\Temp



---------------  S Y S T E M  ---------------

OS:
 Windows 11 , 64 bit Build 22621 (10.0.22621.963)
OS uptime: 0 days 3:44 hours

CPU: total 4 (initial active 4) (4 cores per cpu, 1 threads per core) family 23 model 96 stepping 1 microcode 0x0, cx8, cmov, fxsr, mmx, 3dnowpref, sse, sse2, sse3, ssse3, sse4a, sse4.1, sse4.2, popcnt, lzcnt, tsc, tscinvbit, avx, avx2, aes, clmul, bmi1, bmi2, adx, sha, fma, vzeroupper, clflush, clflushopt

Memory: 4k page, system-wide physical 15791M (6977M free)
TotalPageFile size 15791M (AvailPageFile size 188M)
current process WorkingSet (physical memory assigned to process): 11M, peak: 11M
current process commit charge ("private bytes"): 51M, peak: 299M

vm_info: OpenJDK 64-Bit Server VM (17.0.5+1-b653.14) for windows-amd64 JRE (17.0.5+1-b653.14), built on 2022-11-10 by "builduser" with MS VC++ 16.10 / 16.11 (VS2019)

END.
